Copyright 1986-2020 Xilinx, Inc. All Rights Reserved.
------------------------------------------------------------------------------------
| Tool Version : Vivado v.2020.2 (win64) Build 3064766 Wed Nov 18 09:12:45 MST 2020
| Date         : Tue May  2 15:35:48 2023
| Host         : PC-636 running 64-bit major release  (build 9200)
| Command      : report_control_sets -verbose -file top_control_sets_placed.rpt
| Design       : top
| Device       : xc7a50ti
------------------------------------------------------------------------------------

Control Set Information

Table of Contents
-----------------
1. Summary
2. Histogram
3. Flip-Flop Distribution
4. Detailed Control Set Information

1. Summary
----------

+----------------------------------------------------------+-------+
|                          Status                          | Count |
+----------------------------------------------------------+-------+
| Total control sets                                       |     8 |
|    Minimum number of control sets                        |     8 |
|    Addition due to synthesis replication                 |     0 |
|    Addition due to physical synthesis replication        |     0 |
| Unused register locations in slices containing registers |    29 |
+----------------------------------------------------------+-------+
* Control sets can be merged at opt_design using control_set_merge or merge_equivalent_drivers
** Run report_qor_suggestions for automated merging and remapping suggestions


2. Histogram
------------

+--------------------+-------+
|       Fanout       | Count |
+--------------------+-------+
| Total control sets |     8 |
| >= 0 to < 4        |     2 |
| >= 4 to < 6        |     1 |
| >= 6 to < 8        |     1 |
| >= 8 to < 10       |     1 |
| >= 10 to < 12      |     0 |
| >= 12 to < 14      |     1 |
| >= 14 to < 16      |     0 |
| >= 16              |     2 |
+--------------------+-------+
* Control sets can be remapped at either synth_design or opt_design


3. Flip-Flop Distribution
-------------------------

+--------------+-----------------------+------------------------+-----------------+--------------+
| Clock Enable | Synchronous Set/Reset | Asynchronous Set/Reset | Total Registers | Total Slices |
+--------------+-----------------------+------------------------+-----------------+--------------+
| No           | No                    | No                     |              12 |            8 |
| No           | No                    | Yes                    |               0 |            0 |
| No           | Yes                   | No                     |              31 |            8 |
| Yes          | No                    | No                     |              17 |            7 |
| Yes          | No                    | Yes                    |               0 |            0 |
| Yes          | Yes                   | No                     |              31 |           10 |
+--------------+-----------------------+------------------------+-----------------+--------------+


4. Detailed Control Set Information
-----------------------------------

+----------------------+---------------------------+---------------------------------------+------------------+----------------+--------------+
|     Clock Signal     |       Enable Signal       |            Set/Reset Signal           | Slice Load Count | Bel Load Count | Bels / Slice |
+----------------------+---------------------------+---------------------------------------+------------------+----------------+--------------+
|  CLK100MHZ_IBUF_BUFG | morse_to_binary/sig_prev0 |                                       |                1 |              1 |         1.00 |
|  CLK100MHZ_IBUF_BUFG | clock_enable/morse0       |                                       |                1 |              2 |         2.00 |
|  CLK100MHZ_IBUF_BUFG | binary_to_morse/sig_cnt0  | clock_enable/SR[0]                    |                3 |              4 |         1.33 |
|  CLK100MHZ_IBUF_BUFG | clock_enable/E[0]         |                                       |                3 |              6 |         2.00 |
|  CLK100MHZ_IBUF_BUFG | morse_to_binary/first0    |                                       |                2 |              8 |         4.00 |
|  CLK100MHZ_IBUF_BUFG |                           |                                       |                8 |             12 |         1.50 |
|  CLK100MHZ_IBUF_BUFG | morse_to_binary/sig_cnt0  | morse_to_binary/sig_cnt[0]_i_1__0_n_0 |                7 |             27 |         3.86 |
|  CLK100MHZ_IBUF_BUFG |                           | clock_enable/sig_cnt_clk[0]_i_1_n_0   |                8 |             31 |         3.88 |
+----------------------+---------------------------+---------------------------------------+------------------+----------------+--------------+


