#-----------------------------------------------------------
# Vivado v2020.2 (64-bit)
# SW Build 3064766 on Wed Nov 18 09:12:45 MST 2020
# IP Build 3064653 on Wed Nov 18 14:17:31 MST 2020
# Start of session at: Wed Apr 12 15:51:08 2023
# Process ID: 11592
# Current directory: C:/Users/239009/projekt/projekt_DE1
# Command line: vivado.exe -gui_launcher_event rodinguilauncherevent11564 C:\Users\239009\projekt\projekt_DE1\projekt_DE1.xpr
# Log file: C:/Users/239009/projekt/projekt_DE1/vivado.log
# Journal file: C:/Users/239009/projekt/projekt_DE1\vivado.jou
#-----------------------------------------------------------
start_gui
open_project C:/Users/239009/projekt/projekt_DE1/projekt_DE1.xpr
WARNING: [filemgmt 56-3] Default IP Output Path : Could not find the directory 'C:/Users/239009/projekt/projekt_DE1/projekt_DE1.gen/sources_1'.
Scanning sources...
Finished scanning sources
INFO: [IP_Flow 19-234] Refreshing IP repositories
INFO: [IP_Flow 19-1704] No user IP repositories specified
INFO: [IP_Flow 19-2313] Loaded Vivado IP repository 'C:/appz/Xilinx/Vivado/2020.2/data/ip'.
update_compile_order -fileset sources_1
launch_simulation
Command: launch_simulation 
INFO: [Vivado 12-5682] Launching behavioral simulation in 'C:/Users/239009/projekt/projekt_DE1/projekt_DE1.sim/sim_1/behav/xsim'
INFO: [SIM-utils-51] Simulation object is 'sim_1'
INFO: [SIM-utils-54] Inspecting design source files for 'tb_binary_to_morse' in fileset 'sim_1'...
INFO: [USF-XSim-97] Finding global include files...
INFO: [USF-XSim-98] Fetching design files from 'sim_1'...
INFO: [USF-XSim-2] XSim::Compile design
INFO: [USF-XSim-61] Executing 'COMPILE and ANALYZE' step in 'C:/Users/239009/projekt/projekt_DE1/projekt_DE1.sim/sim_1/behav/xsim'
"xvhdl --incr --relax -prj tb_binary_to_morse_vhdl.prj"
INFO: [VRFC 10-163] Analyzing VHDL file "C:/Users/239009/projekt/projekt_DE1/projekt_DE1.srcs/sim_1/new/tb_binary_to_morse.vhd" into library xil_defaultlib
INFO: [VRFC 10-3107] analyzing entity 'tb_binary_to_morse'
INFO: [USF-XSim-69] 'compile' step finished in '1' seconds
INFO: [USF-XSim-3] XSim::Elaborate design
INFO: [USF-XSim-61] Executing 'ELABORATE' step in 'C:/Users/239009/projekt/projekt_DE1/projekt_DE1.sim/sim_1/behav/xsim'
"xelab -wto c985d7ba06584c27a95836d1f8082d21 --incr --debug typical --relax --mt 2 -L xil_defaultlib -L secureip --snapshot tb_binary_to_morse_behav xil_defaultlib.tb_binary_to_morse -log elaborate.log"
Vivado Simulator 2020.2
Copyright 1986-1999, 2001-2020 Xilinx, Inc. All Rights Reserved.
Running: C:/appz/Xilinx/Vivado/2020.2/bin/unwrapped/win64.o/xelab.exe -wto c985d7ba06584c27a95836d1f8082d21 --incr --debug typical --relax --mt 2 -L xil_defaultlib -L secureip --snapshot tb_binary_to_morse_behav xil_defaultlib.tb_binary_to_morse -log elaborate.log 
Using 2 slave threads.
Starting static elaboration
Completed static elaboration
Starting simulation data flow analysis
Completed simulation data flow analysis
Time Resolution for simulation is 1ps
Compiling package std.standard
Compiling package std.textio
Compiling package ieee.std_logic_1164
Compiling package ieee.numeric_std
Compiling architecture behavioral of entity xil_defaultlib.binary_to_morse [binary_to_morse_default]
Compiling architecture testbench of entity xil_defaultlib.tb_binary_to_morse
Built simulation snapshot tb_binary_to_morse_behav
INFO: [USF-XSim-69] 'elaborate' step finished in '2' seconds
INFO: [USF-XSim-4] XSim::Simulate design
INFO: [USF-XSim-61] Executing 'SIMULATE' step in 'C:/Users/239009/projekt/projekt_DE1/projekt_DE1.sim/sim_1/behav/xsim'
INFO: [USF-XSim-98] *** Running xsim
   with args "tb_binary_to_morse_behav -key {Behavioral:sim_1:Functional:tb_binary_to_morse} -tclbatch {tb_binary_to_morse.tcl} -log {simulate.log}"
INFO: [USF-XSim-8] Loading simulator feature
Vivado Simulator 2020.2
Time resolution is 1 ps
source tb_binary_to_morse.tcl
# set curr_wave [current_wave_config]
# if { [string length $curr_wave] == 0 } {
#   if { [llength [get_objects]] > 0} {
#     add_wave /
#     set_property needs_save false [current_wave_config]
#   } else {
#      send_msg_id Add_Wave-1 WARNING "No top level signals found. Simulator will start without a wave window. If you want to open a wave window go to 'File->New Waveform Configuration' or type 'create_wave_config' in the TCL console."
#   }
# }
# run 1000 ns
Note: Stimulus process started
Time: 0 ps  Iteration: 0  Process: /tb_binary_to_morse/p_stimulus  File: C:/Users/239009/projekt/projekt_DE1/projekt_DE1.srcs/sim_1/new/tb_binary_to_morse.vhd
Note: Stimulus process finished
Time: 0 ps  Iteration: 0  Process: /tb_binary_to_morse/p_stimulus  File: C:/Users/239009/projekt/projekt_DE1/projekt_DE1.srcs/sim_1/new/tb_binary_to_morse.vhd
Note: Stimulus process started
Time: 0 ps  Iteration: 0  Process: /tb_binary_to_morse/p_data_gen  File: C:/Users/239009/projekt/projekt_DE1/projekt_DE1.srcs/sim_1/new/tb_binary_to_morse.vhd
Note: Stimulus process finished
Time: 10 ns  Iteration: 0  Process: /tb_binary_to_morse/p_data_gen  File: C:/Users/239009/projekt/projekt_DE1/projekt_DE1.srcs/sim_1/new/tb_binary_to_morse.vhd
INFO: [USF-XSim-96] XSim completed. Design snapshot 'tb_binary_to_morse_behav' loaded.
INFO: [USF-XSim-97] XSim simulation ran for 1000 ns
launch_simulation: Time (s): cpu = 00:00:07 ; elapsed = 00:00:06 . Memory (MB): peak = 999.715 ; gain = 0.000
close_sim
INFO: [Simtcl 6-16] Simulation closed
launch_simulation
Command: launch_simulation 
INFO: [Vivado 12-5682] Launching behavioral simulation in 'C:/Users/239009/projekt/projekt_DE1/projekt_DE1.sim/sim_1/behav/xsim'
INFO: [SIM-utils-51] Simulation object is 'sim_1'
INFO: [SIM-utils-54] Inspecting design source files for 'tb_binary_to_morse' in fileset 'sim_1'...
INFO: [USF-XSim-97] Finding global include files...
INFO: [USF-XSim-98] Fetching design files from 'sim_1'...
INFO: [USF-XSim-2] XSim::Compile design
INFO: [USF-XSim-61] Executing 'COMPILE and ANALYZE' step in 'C:/Users/239009/projekt/projekt_DE1/projekt_DE1.sim/sim_1/behav/xsim'
"xvhdl --incr --relax -prj tb_binary_to_morse_vhdl.prj"
INFO: [VRFC 10-163] Analyzing VHDL file "C:/Users/239009/projekt/projekt_DE1/projekt_DE1.srcs/sources_1/new/binary_to_morse.vhd" into library xil_defaultlib
INFO: [VRFC 10-3107] analyzing entity 'binary_to_morse'
INFO: [VRFC 10-163] Analyzing VHDL file "C:/Users/239009/projekt/projekt_DE1/projekt_DE1.srcs/sim_1/new/tb_binary_to_morse.vhd" into library xil_defaultlib
INFO: [VRFC 10-3107] analyzing entity 'tb_binary_to_morse'
INFO: [USF-XSim-69] 'compile' step finished in '1' seconds
INFO: [USF-XSim-3] XSim::Elaborate design
INFO: [USF-XSim-61] Executing 'ELABORATE' step in 'C:/Users/239009/projekt/projekt_DE1/projekt_DE1.sim/sim_1/behav/xsim'
"xelab -wto c985d7ba06584c27a95836d1f8082d21 --incr --debug typical --relax --mt 2 -L xil_defaultlib -L secureip --snapshot tb_binary_to_morse_behav xil_defaultlib.tb_binary_to_morse -log elaborate.log"
Vivado Simulator 2020.2
Copyright 1986-1999, 2001-2020 Xilinx, Inc. All Rights Reserved.
Running: C:/appz/Xilinx/Vivado/2020.2/bin/unwrapped/win64.o/xelab.exe -wto c985d7ba06584c27a95836d1f8082d21 --incr --debug typical --relax --mt 2 -L xil_defaultlib -L secureip --snapshot tb_binary_to_morse_behav xil_defaultlib.tb_binary_to_morse -log elaborate.log 
Using 2 slave threads.
Starting static elaboration
Completed static elaboration
Starting simulation data flow analysis
Completed simulation data flow analysis
Time Resolution for simulation is 1ps
Compiling package std.standard
Compiling package std.textio
Compiling package ieee.std_logic_1164
Compiling package ieee.numeric_std
Compiling architecture behavioral of entity xil_defaultlib.binary_to_morse [binary_to_morse_default]
Compiling architecture testbench of entity xil_defaultlib.tb_binary_to_morse
Built simulation snapshot tb_binary_to_morse_behav
INFO: [USF-XSim-69] 'elaborate' step finished in '2' seconds
INFO: [USF-XSim-4] XSim::Simulate design
INFO: [USF-XSim-61] Executing 'SIMULATE' step in 'C:/Users/239009/projekt/projekt_DE1/projekt_DE1.sim/sim_1/behav/xsim'
INFO: [USF-XSim-98] *** Running xsim
   with args "tb_binary_to_morse_behav -key {Behavioral:sim_1:Functional:tb_binary_to_morse} -tclbatch {tb_binary_to_morse.tcl} -log {simulate.log}"
INFO: [USF-XSim-8] Loading simulator feature
Vivado Simulator 2020.2
Time resolution is 1 ps
source tb_binary_to_morse.tcl
# set curr_wave [current_wave_config]
# if { [string length $curr_wave] == 0 } {
#   if { [llength [get_objects]] > 0} {
#     add_wave /
#     set_property needs_save false [current_wave_config]
#   } else {
#      send_msg_id Add_Wave-1 WARNING "No top level signals found. Simulator will start without a wave window. If you want to open a wave window go to 'File->New Waveform Configuration' or type 'create_wave_config' in the TCL console."
#   }
# }
# run 1000 ns
Note: Stimulus process started
Time: 0 ps  Iteration: 0  Process: /tb_binary_to_morse/p_stimulus  File: C:/Users/239009/projekt/projekt_DE1/projekt_DE1.srcs/sim_1/new/tb_binary_to_morse.vhd
Note: Stimulus process finished
Time: 0 ps  Iteration: 0  Process: /tb_binary_to_morse/p_stimulus  File: C:/Users/239009/projekt/projekt_DE1/projekt_DE1.srcs/sim_1/new/tb_binary_to_morse.vhd
Note: Stimulus process started
Time: 0 ps  Iteration: 0  Process: /tb_binary_to_morse/p_data_gen  File: C:/Users/239009/projekt/projekt_DE1/projekt_DE1.srcs/sim_1/new/tb_binary_to_morse.vhd
Note: Stimulus process finished
Time: 10 ns  Iteration: 0  Process: /tb_binary_to_morse/p_data_gen  File: C:/Users/239009/projekt/projekt_DE1/projekt_DE1.srcs/sim_1/new/tb_binary_to_morse.vhd
INFO: [USF-XSim-96] XSim completed. Design snapshot 'tb_binary_to_morse_behav' loaded.
INFO: [USF-XSim-97] XSim simulation ran for 1000 ns
launch_simulation: Time (s): cpu = 00:00:04 ; elapsed = 00:00:06 . Memory (MB): peak = 999.715 ; gain = 0.000
relaunch_sim
Command: launch_simulation -simset sim_1 -mode behavioral
INFO: [Vivado 12-5682] Launching behavioral simulation in 'C:/Users/239009/projekt/projekt_DE1/projekt_DE1.sim/sim_1/behav/xsim'
INFO: [SIM-utils-51] Simulation object is 'sim_1'
INFO: [SIM-utils-54] Inspecting design source files for 'tb_binary_to_morse' in fileset 'sim_1'...
INFO: [USF-XSim-97] Finding global include files...
INFO: [USF-XSim-98] Fetching design files from 'sim_1'...
INFO: [USF-XSim-2] XSim::Compile design
INFO: [USF-XSim-61] Executing 'COMPILE and ANALYZE' step in 'C:/Users/239009/projekt/projekt_DE1/projekt_DE1.sim/sim_1/behav/xsim'
"xvhdl --incr --relax -prj tb_binary_to_morse_vhdl.prj"
INFO: [VRFC 10-163] Analyzing VHDL file "C:/Users/239009/projekt/projekt_DE1/projekt_DE1.srcs/sources_1/new/binary_to_morse.vhd" into library xil_defaultlib
INFO: [VRFC 10-3107] analyzing entity 'binary_to_morse'
INFO: [VRFC 10-163] Analyzing VHDL file "C:/Users/239009/projekt/projekt_DE1/projekt_DE1.srcs/sim_1/new/tb_binary_to_morse.vhd" into library xil_defaultlib
INFO: [VRFC 10-3107] analyzing entity 'tb_binary_to_morse'
INFO: [USF-XSim-69] 'compile' step finished in '1' seconds
Command: launch_simulation -simset sim_1 -mode behavioral
INFO: [Vivado 12-5682] Launching behavioral simulation in 'C:/Users/239009/projekt/projekt_DE1/projekt_DE1.sim/sim_1/behav/xsim'
INFO: [USF-XSim-3] XSim::Elaborate design
INFO: [USF-XSim-61] Executing 'ELABORATE' step in 'C:/Users/239009/projekt/projekt_DE1/projekt_DE1.sim/sim_1/behav/xsim'
"xelab -wto c985d7ba06584c27a95836d1f8082d21 --incr --debug typical --relax --mt 2 -L xil_defaultlib -L secureip --snapshot tb_binary_to_morse_behav xil_defaultlib.tb_binary_to_morse -log elaborate.log"
Vivado Simulator 2020.2
Copyright 1986-1999, 2001-2020 Xilinx, Inc. All Rights Reserved.
Running: C:/appz/Xilinx/Vivado/2020.2/bin/unwrapped/win64.o/xelab.exe -wto c985d7ba06584c27a95836d1f8082d21 --incr --debug typical --relax --mt 2 -L xil_defaultlib -L secureip --snapshot tb_binary_to_morse_behav xil_defaultlib.tb_binary_to_morse -log elaborate.log 
Using 2 slave threads.
Starting static elaboration
Completed static elaboration
Starting simulation data flow analysis
Completed simulation data flow analysis
Time Resolution for simulation is 1ps
Compiling package std.standard
Compiling package std.textio
Compiling package ieee.std_logic_1164
Compiling package ieee.numeric_std
Compiling architecture behavioral of entity xil_defaultlib.binary_to_morse [binary_to_morse_default]
Compiling architecture testbench of entity xil_defaultlib.tb_binary_to_morse
Built simulation snapshot tb_binary_to_morse_behav
INFO: [USF-XSim-69] 'elaborate' step finished in '2' seconds
Vivado Simulator 2020.2
Time resolution is 1 ps
Note: Stimulus process started
Time: 0 ps  Iteration: 0  Process: /tb_binary_to_morse/p_stimulus  File: C:/Users/239009/projekt/projekt_DE1/projekt_DE1.srcs/sim_1/new/tb_binary_to_morse.vhd
Note: Stimulus process finished
Time: 0 ps  Iteration: 0  Process: /tb_binary_to_morse/p_stimulus  File: C:/Users/239009/projekt/projekt_DE1/projekt_DE1.srcs/sim_1/new/tb_binary_to_morse.vhd
Note: Stimulus process started
Time: 0 ps  Iteration: 0  Process: /tb_binary_to_morse/p_data_gen  File: C:/Users/239009/projekt/projekt_DE1/projekt_DE1.srcs/sim_1/new/tb_binary_to_morse.vhd
Note: Stimulus process finished
Time: 10 ns  Iteration: 0  Process: /tb_binary_to_morse/p_data_gen  File: C:/Users/239009/projekt/projekt_DE1/projekt_DE1.srcs/sim_1/new/tb_binary_to_morse.vhd
relaunch_sim: Time (s): cpu = 00:00:02 ; elapsed = 00:00:08 . Memory (MB): peak = 999.715 ; gain = 0.000
