#-----------------------------------------------------------
# Vivado v2020.2 (64-bit)
# SW Build 3064766 on Wed Nov 18 09:12:45 MST 2020
# IP Build 3064653 on Wed Nov 18 14:17:31 MST 2020
# Start of session at: Wed Apr 12 15:51:08 2023
# Process ID: 11592
# Current directory: C:/Users/239009/projekt/projekt_DE1
# Command line: vivado.exe -gui_launcher_event rodinguilauncherevent11564 C:\Users\239009\projekt\projekt_DE1\projekt_DE1.xpr
# Log file: C:/Users/239009/projekt/projekt_DE1/vivado.log
# Journal file: C:/Users/239009/projekt/projekt_DE1\vivado.jou
#-----------------------------------------------------------
start_gui
open_project C:/Users/239009/projekt/projekt_DE1/projekt_DE1.xpr
WARNING: [filemgmt 56-3] Default IP Output Path : Could not find the directory 'C:/Users/239009/projekt/projekt_DE1/projekt_DE1.gen/sources_1'.
Scanning sources...
Finished scanning sources
INFO: [IP_Flow 19-234] Refreshing IP repositories
INFO: [IP_Flow 19-1704] No user IP repositories specified
INFO: [IP_Flow 19-2313] Loaded Vivado IP repository 'C:/appz/Xilinx/Vivado/2020.2/data/ip'.
update_compile_order -fileset sources_1
launch_simulation
Command: launch_simulation 
INFO: [Vivado 12-5682] Launching behavioral simulation in 'C:/Users/239009/projekt/projekt_DE1/projekt_DE1.sim/sim_1/behav/xsim'
INFO: [SIM-utils-51] Simulation object is 'sim_1'
INFO: [SIM-utils-54] Inspecting design source files for 'tb_binary_to_morse' in fileset 'sim_1'...
INFO: [USF-XSim-97] Finding global include files...
INFO: [USF-XSim-98] Fetching design files from 'sim_1'...
INFO: [USF-XSim-2] XSim::Compile design
INFO: [USF-XSim-61] Executing 'COMPILE and ANALYZE' step in 'C:/Users/239009/projekt/projekt_DE1/projekt_DE1.sim/sim_1/behav/xsim'
"xvhdl --incr --relax -prj tb_binary_to_morse_vhdl.prj"
INFO: [VRFC 10-163] Analyzing VHDL file "C:/Users/239009/projekt/projekt_DE1/projekt_DE1.srcs/sim_1/new/tb_binary_to_morse.vhd" into library xil_defaultlib
INFO: [VRFC 10-3107] analyzing entity 'tb_binary_to_morse'
INFO: [USF-XSim-69] 'compile' step finished in '1' seconds
INFO: [USF-XSim-3] XSim::Elaborate design
INFO: [USF-XSim-61] Executing 'ELABORATE' step in 'C:/Users/239009/projekt/projekt_DE1/projekt_DE1.sim/sim_1/behav/xsim'
"xelab -wto c985d7ba06584c27a95836d1f8082d21 --incr --debug typical --relax --mt 2 -L xil_defaultlib -L secureip --snapshot tb_binary_to_morse_behav xil_defaultlib.tb_binary_to_morse -log elaborate.log"
Vivado Simulator 2020.2
Copyright 1986-1999, 2001-2020 Xilinx, Inc. All Rights Reserved.
Running: C:/appz/Xilinx/Vivado/2020.2/bin/unwrapped/win64.o/xelab.exe -wto c985d7ba06584c27a95836d1f8082d21 --incr --debug typical --relax --mt 2 -L xil_defaultlib -L secureip --snapshot tb_binary_to_morse_behav xil_defaultlib.tb_binary_to_morse -log elaborate.log 
Using 2 slave threads.
Starting static elaboration
Completed static elaboration
Starting simulation data flow analysis
Completed simulation data flow analysis
Time Resolution for simulation is 1ps
Compiling package std.standard
Compiling package std.textio
Compiling package ieee.std_logic_1164
Compiling package ieee.numeric_std
Compiling architecture behavioral of entity xil_defaultlib.binary_to_morse [binary_to_morse_default]
Compiling architecture testbench of entity xil_defaultlib.tb_binary_to_morse
Built simulation snapshot tb_binary_to_morse_behav
INFO: [USF-XSim-69] 'elaborate' step finished in '2' seconds
INFO: [USF-XSim-4] XSim::Simulate design
INFO: [USF-XSim-61] Executing 'SIMULATE' step in 'C:/Users/239009/projekt/projekt_DE1/projekt_DE1.sim/sim_1/behav/xsim'
INFO: [USF-XSim-98] *** Running xsim
   with args "tb_binary_to_morse_behav -key {Behavioral:sim_1:Functional:tb_binary_to_morse} -tclbatch {tb_binary_to_morse.tcl} -log {simulate.log}"
INFO: [USF-XSim-8] Loading simulator feature
Vivado Simulator 2020.2
Time resolution is 1 ps
source tb_binary_to_morse.tcl
# set curr_wave [current_wave_config]
# if { [string length $curr_wave] == 0 } {
#   if { [llength [get_objects]] > 0} {
#     add_wave /
#     set_property needs_save false [current_wave_config]
#   } else {
#      send_msg_id Add_Wave-1 WARNING "No top level signals found. Simulator will start without a wave window. If you want to open a wave window go to 'File->New Waveform Configuration' or type 'create_wave_config' in the TCL console."
#   }
# }
# run 1000 ns
Note: Stimulus process started
Time: 0 ps  Iteration: 0  Process: /tb_binary_to_morse/p_stimulus  File: C:/Users/239009/projekt/projekt_DE1/projekt_DE1.srcs/sim_1/new/tb_binary_to_morse.vhd
Note: Stimulus process finished
Time: 0 ps  Iteration: 0  Process: /tb_binary_to_morse/p_stimulus  File: C:/Users/239009/projekt/projekt_DE1/projekt_DE1.srcs/sim_1/new/tb_binary_to_morse.vhd
Note: Stimulus process started
Time: 0 ps  Iteration: 0  Process: /tb_binary_to_morse/p_data_gen  File: C:/Users/239009/projekt/projekt_DE1/projekt_DE1.srcs/sim_1/new/tb_binary_to_morse.vhd
Note: Stimulus process finished
Time: 10 ns  Iteration: 0  Process: /tb_binary_to_morse/p_data_gen  File: C:/Users/239009/projekt/projekt_DE1/projekt_DE1.srcs/sim_1/new/tb_binary_to_morse.vhd
INFO: [USF-XSim-96] XSim completed. Design snapshot 'tb_binary_to_morse_behav' loaded.
INFO: [USF-XSim-97] XSim simulation ran for 1000 ns
launch_simulation: Time (s): cpu = 00:00:07 ; elapsed = 00:00:06 . Memory (MB): peak = 999.715 ; gain = 0.000
close_sim
INFO: [Simtcl 6-16] Simulation closed
launch_simulation
Command: launch_simulation 
INFO: [Vivado 12-5682] Launching behavioral simulation in 'C:/Users/239009/projekt/projekt_DE1/projekt_DE1.sim/sim_1/behav/xsim'
INFO: [SIM-utils-51] Simulation object is 'sim_1'
INFO: [SIM-utils-54] Inspecting design source files for 'tb_binary_to_morse' in fileset 'sim_1'...
INFO: [USF-XSim-97] Finding global include files...
INFO: [USF-XSim-98] Fetching design files from 'sim_1'...
INFO: [USF-XSim-2] XSim::Compile design
INFO: [USF-XSim-61] Executing 'COMPILE and ANALYZE' step in 'C:/Users/239009/projekt/projekt_DE1/projekt_DE1.sim/sim_1/behav/xsim'
"xvhdl --incr --relax -prj tb_binary_to_morse_vhdl.prj"
INFO: [VRFC 10-163] Analyzing VHDL file "C:/Users/239009/projekt/projekt_DE1/projekt_DE1.srcs/sources_1/new/binary_to_morse.vhd" into library xil_defaultlib
INFO: [VRFC 10-3107] analyzing entity 'binary_to_morse'
INFO: [VRFC 10-163] Analyzing VHDL file "C:/Users/239009/projekt/projekt_DE1/projekt_DE1.srcs/sim_1/new/tb_binary_to_morse.vhd" into library xil_defaultlib
INFO: [VRFC 10-3107] analyzing entity 'tb_binary_to_morse'
INFO: [USF-XSim-69] 'compile' step finished in '1' seconds
INFO: [USF-XSim-3] XSim::Elaborate design
INFO: [USF-XSim-61] Executing 'ELABORATE' step in 'C:/Users/239009/projekt/projekt_DE1/projekt_DE1.sim/sim_1/behav/xsim'
"xelab -wto c985d7ba06584c27a95836d1f8082d21 --incr --debug typical --relax --mt 2 -L xil_defaultlib -L secureip --snapshot tb_binary_to_morse_behav xil_defaultlib.tb_binary_to_morse -log elaborate.log"
Vivado Simulator 2020.2
Copyright 1986-1999, 2001-2020 Xilinx, Inc. All Rights Reserved.
Running: C:/appz/Xilinx/Vivado/2020.2/bin/unwrapped/win64.o/xelab.exe -wto c985d7ba06584c27a95836d1f8082d21 --incr --debug typical --relax --mt 2 -L xil_defaultlib -L secureip --snapshot tb_binary_to_morse_behav xil_defaultlib.tb_binary_to_morse -log elaborate.log 
Using 2 slave threads.
Starting static elaboration
Completed static elaboration
Starting simulation data flow analysis
Completed simulation data flow analysis
Time Resolution for simulation is 1ps
Compiling package std.standard
Compiling package std.textio
Compiling package ieee.std_logic_1164
Compiling package ieee.numeric_std
Compiling architecture behavioral of entity xil_defaultlib.binary_to_morse [binary_to_morse_default]
Compiling architecture testbench of entity xil_defaultlib.tb_binary_to_morse
Built simulation snapshot tb_binary_to_morse_behav
INFO: [USF-XSim-69] 'elaborate' step finished in '2' seconds
INFO: [USF-XSim-4] XSim::Simulate design
INFO: [USF-XSim-61] Executing 'SIMULATE' step in 'C:/Users/239009/projekt/projekt_DE1/projekt_DE1.sim/sim_1/behav/xsim'
INFO: [USF-XSim-98] *** Running xsim
   with args "tb_binary_to_morse_behav -key {Behavioral:sim_1:Functional:tb_binary_to_morse} -tclbatch {tb_binary_to_morse.tcl} -log {simulate.log}"
INFO: [USF-XSim-8] Loading simulator feature
Vivado Simulator 2020.2
Time resolution is 1 ps
source tb_binary_to_morse.tcl
# set curr_wave [current_wave_config]
# if { [string length $curr_wave] == 0 } {
#   if { [llength [get_objects]] > 0} {
#     add_wave /
#     set_property needs_save false [current_wave_config]
#   } else {
#      send_msg_id Add_Wave-1 WARNING "No top level signals found. Simulator will start without a wave window. If you want to open a wave window go to 'File->New Waveform Configuration' or type 'create_wave_config' in the TCL console."
#   }
# }
# run 1000 ns
Note: Stimulus process started
Time: 0 ps  Iteration: 0  Process: /tb_binary_to_morse/p_stimulus  File: C:/Users/239009/projekt/projekt_DE1/projekt_DE1.srcs/sim_1/new/tb_binary_to_morse.vhd
Note: Stimulus process finished
Time: 0 ps  Iteration: 0  Process: /tb_binary_to_morse/p_stimulus  File: C:/Users/239009/projekt/projekt_DE1/projekt_DE1.srcs/sim_1/new/tb_binary_to_morse.vhd
Note: Stimulus process started
Time: 0 ps  Iteration: 0  Process: /tb_binary_to_morse/p_data_gen  File: C:/Users/239009/projekt/projekt_DE1/projekt_DE1.srcs/sim_1/new/tb_binary_to_morse.vhd
Note: Stimulus process finished
Time: 10 ns  Iteration: 0  Process: /tb_binary_to_morse/p_data_gen  File: C:/Users/239009/projekt/projekt_DE1/projekt_DE1.srcs/sim_1/new/tb_binary_to_morse.vhd
INFO: [USF-XSim-96] XSim completed. Design snapshot 'tb_binary_to_morse_behav' loaded.
INFO: [USF-XSim-97] XSim simulation ran for 1000 ns
launch_simulation: Time (s): cpu = 00:00:04 ; elapsed = 00:00:06 . Memory (MB): peak = 999.715 ; gain = 0.000
relaunch_sim
Command: launch_simulation -simset sim_1 -mode behavioral
INFO: [Vivado 12-5682] Launching behavioral simulation in 'C:/Users/239009/projekt/projekt_DE1/projekt_DE1.sim/sim_1/behav/xsim'
INFO: [SIM-utils-51] Simulation object is 'sim_1'
INFO: [SIM-utils-54] Inspecting design source files for 'tb_binary_to_morse' in fileset 'sim_1'...
INFO: [USF-XSim-97] Finding global include files...
INFO: [USF-XSim-98] Fetching design files from 'sim_1'...
INFO: [USF-XSim-2] XSim::Compile design
INFO: [USF-XSim-61] Executing 'COMPILE and ANALYZE' step in 'C:/Users/239009/projekt/projekt_DE1/projekt_DE1.sim/sim_1/behav/xsim'
"xvhdl --incr --relax -prj tb_binary_to_morse_vhdl.prj"
INFO: [VRFC 10-163] Analyzing VHDL file "C:/Users/239009/projekt/projekt_DE1/projekt_DE1.srcs/sources_1/new/binary_to_morse.vhd" into library xil_defaultlib
INFO: [VRFC 10-3107] analyzing entity 'binary_to_morse'
INFO: [VRFC 10-163] Analyzing VHDL file "C:/Users/239009/projekt/projekt_DE1/projekt_DE1.srcs/sim_1/new/tb_binary_to_morse.vhd" into library xil_defaultlib
INFO: [VRFC 10-3107] analyzing entity 'tb_binary_to_morse'
INFO: [USF-XSim-69] 'compile' step finished in '1' seconds
Command: launch_simulation -simset sim_1 -mode behavioral
INFO: [Vivado 12-5682] Launching behavioral simulation in 'C:/Users/239009/projekt/projekt_DE1/projekt_DE1.sim/sim_1/behav/xsim'
INFO: [USF-XSim-3] XSim::Elaborate design
INFO: [USF-XSim-61] Executing 'ELABORATE' step in 'C:/Users/239009/projekt/projekt_DE1/projekt_DE1.sim/sim_1/behav/xsim'
"xelab -wto c985d7ba06584c27a95836d1f8082d21 --incr --debug typical --relax --mt 2 -L xil_defaultlib -L secureip --snapshot tb_binary_to_morse_behav xil_defaultlib.tb_binary_to_morse -log elaborate.log"
Vivado Simulator 2020.2
Copyright 1986-1999, 2001-2020 Xilinx, Inc. All Rights Reserved.
Running: C:/appz/Xilinx/Vivado/2020.2/bin/unwrapped/win64.o/xelab.exe -wto c985d7ba06584c27a95836d1f8082d21 --incr --debug typical --relax --mt 2 -L xil_defaultlib -L secureip --snapshot tb_binary_to_morse_behav xil_defaultlib.tb_binary_to_morse -log elaborate.log 
Using 2 slave threads.
Starting static elaboration
Completed static elaboration
Starting simulation data flow analysis
Completed simulation data flow analysis
Time Resolution for simulation is 1ps
Compiling package std.standard
Compiling package std.textio
Compiling package ieee.std_logic_1164
Compiling package ieee.numeric_std
Compiling architecture behavioral of entity xil_defaultlib.binary_to_morse [binary_to_morse_default]
Compiling architecture testbench of entity xil_defaultlib.tb_binary_to_morse
Built simulation snapshot tb_binary_to_morse_behav
INFO: [USF-XSim-69] 'elaborate' step finished in '2' seconds
Vivado Simulator 2020.2
Time resolution is 1 ps
Note: Stimulus process started
Time: 0 ps  Iteration: 0  Process: /tb_binary_to_morse/p_stimulus  File: C:/Users/239009/projekt/projekt_DE1/projekt_DE1.srcs/sim_1/new/tb_binary_to_morse.vhd
Note: Stimulus process finished
Time: 0 ps  Iteration: 0  Process: /tb_binary_to_morse/p_stimulus  File: C:/Users/239009/projekt/projekt_DE1/projekt_DE1.srcs/sim_1/new/tb_binary_to_morse.vhd
Note: Stimulus process started
Time: 0 ps  Iteration: 0  Process: /tb_binary_to_morse/p_data_gen  File: C:/Users/239009/projekt/projekt_DE1/projekt_DE1.srcs/sim_1/new/tb_binary_to_morse.vhd
Note: Stimulus process finished
Time: 10 ns  Iteration: 0  Process: /tb_binary_to_morse/p_data_gen  File: C:/Users/239009/projekt/projekt_DE1/projekt_DE1.srcs/sim_1/new/tb_binary_to_morse.vhd
relaunch_sim: Time (s): cpu = 00:00:02 ; elapsed = 00:00:08 . Memory (MB): peak = 999.715 ; gain = 0.000
export_ip_user_files -of_objects  [get_files C:/Users/239009/projekt/projekt_DE1/projekt_DE1.srcs/sources_1/new/morse_top.vhd] -no_script -reset -force -quiet
remove_files  C:/Users/239009/projekt/projekt_DE1/projekt_DE1.srcs/sources_1/new/morse_top.vhd
update_compile_order -fileset sources_1
launch_runs impl_1 -to_step write_bitstream -jobs 2
[Wed Apr 12 16:17:24 2023] Launched synth_1...
Run output will be captured here: C:/Users/239009/projekt/projekt_DE1/projekt_DE1.runs/synth_1/runme.log
[Wed Apr 12 16:17:24 2023] Launched impl_1...
Run output will be captured here: C:/Users/239009/projekt/projekt_DE1/projekt_DE1.runs/impl_1/runme.log
open_hw_manager
connect_hw_server -allow_non_jtag
INFO: [Labtools 27-2285] Connecting to hw_server url TCP:localhost:3121
INFO: [Labtools 27-2222] Launching hw_server...
INFO: [Labtools 27-2221] Launch Output:

****** Xilinx hw_server v2020.2
  **** Build date : Nov 18 2020 at 10:01:48
    ** Copyright 1986-2020 Xilinx, Inc. All Rights Reserved.


INFO: [Labtools 27-3415] Connecting to cs_server url TCP:localhost:3042
INFO: [Labtools 27-3417] Launching cs_server...
INFO: [Labtools 27-2221] Launch Output:


******** Xilinx cs_server v2020.2
  ****** Build date   : Nov 03 2020-22:02:56
    **** Build number : 2020.2.1604437376
      ** Copyright 2017-2020 Xilinx, Inc. All Rights Reserved.



connect_hw_server: Time (s): cpu = 00:00:01 ; elapsed = 00:00:08 . Memory (MB): peak = 999.715 ; gain = 0.000
open_hw_target
INFO: [Labtoolstcl 44-466] Opening hw_target localhost:3121/xilinx_tcf/Digilent/210292AA7DEBA
open_hw_target: Time (s): cpu = 00:00:05 ; elapsed = 00:00:05 . Memory (MB): peak = 2362.527 ; gain = 1362.812
current_hw_device [get_hw_devices xc7a50t_0]
refresh_hw_device -update_hw_probes false [lindex [get_hw_devices xc7a50t_0] 0]
INFO: [Labtools 27-1434] Device xc7a50t (JTAG device index = 0) is programmed with a design that has no supported debug core(s) in it.
open_run impl_1
INFO: [Device 21-403] Loading part xc7a50ticsg324-1L
INFO: [Common 17-41] Interrupt caught. Command should exit soon.
Netlist sorting complete. Time (s): cpu = 00:00:00 ; elapsed = 00:00:00.001 . Memory (MB): peak = 2690.117 ; gain = 0.000
INFO: [Project 1-479] Netlist was created with Vivado 2020.2
open_run: Time (s): cpu = 00:00:11 ; elapsed = 00:00:12 . Memory (MB): peak = 2691.199 ; gain = 296.793
INFO: [Common 17-344] 'open_run' was cancelled
set_property PROBES.FILE {} [get_hw_devices xc7a50t_0]
set_property FULL_PROBES.FILE {} [get_hw_devices xc7a50t_0]
set_property PROGRAM.FILE {C:/Users/239009/projekt/projekt_DE1/projekt_DE1.runs/impl_1/top.bit} [get_hw_devices xc7a50t_0]
program_hw_devices [get_hw_devices xc7a50t_0]
INFO: [Labtools 27-3164] End of startup status: HIGH
refresh_hw_device [lindex [get_hw_devices xc7a50t_0] 0]
INFO: [Labtools 27-1434] Device xc7a50t (JTAG device index = 0) is programmed with a design that has no supported debug core(s) in it.
reset_run synth_1
launch_runs impl_1 -to_step write_bitstream -jobs 2
[Wed Apr 12 16:24:09 2023] Launched synth_1...
Run output will be captured here: C:/Users/239009/projekt/projekt_DE1/projekt_DE1.runs/synth_1/runme.log
[Wed Apr 12 16:24:09 2023] Launched impl_1...
Run output will be captured here: C:/Users/239009/projekt/projekt_DE1/projekt_DE1.runs/impl_1/runme.log
set_property PROBES.FILE {} [get_hw_devices xc7a50t_0]
set_property FULL_PROBES.FILE {} [get_hw_devices xc7a50t_0]
set_property PROGRAM.FILE {C:/Users/239009/projekt/projekt_DE1/projekt_DE1.runs/impl_1/top.bit} [get_hw_devices xc7a50t_0]
program_hw_devices [get_hw_devices xc7a50t_0]
INFO: [Labtools 27-3164] End of startup status: HIGH
refresh_hw_device [lindex [get_hw_devices xc7a50t_0] 0]
INFO: [Labtools 27-1434] Device xc7a50t (JTAG device index = 0) is programmed with a design that has no supported debug core(s) in it.
update_compile_order -fileset sources_1
reset_run synth_1
launch_runs impl_1 -to_step write_bitstream -jobs 2
[Wed Apr 12 16:35:17 2023] Launched synth_1...
Run output will be captured here: C:/Users/239009/projekt/projekt_DE1/projekt_DE1.runs/synth_1/runme.log
[Wed Apr 12 16:35:17 2023] Launched impl_1...
Run output will be captured here: C:/Users/239009/projekt/projekt_DE1/projekt_DE1.runs/impl_1/runme.log
reset_run synth_1
WARNING: [Vivado 12-1017] Problems encountered:
1. Failed to delete one or more files in run directory C:/Users/239009/projekt/projekt_DE1/projekt_DE1.runs/synth_1

close_sim
INFO: [Simtcl 6-16] Simulation closed
launch_simulation
Command: launch_simulation 
INFO: [Vivado 12-5682] Launching behavioral simulation in 'C:/Users/239009/projekt/projekt_DE1/projekt_DE1.sim/sim_1/behav/xsim'
INFO: [SIM-utils-51] Simulation object is 'sim_1'
INFO: [SIM-utils-54] Inspecting design source files for 'tb_binary_to_morse' in fileset 'sim_1'...
INFO: [USF-XSim-97] Finding global include files...
INFO: [USF-XSim-98] Fetching design files from 'sim_1'...
INFO: [USF-XSim-2] XSim::Compile design
INFO: [USF-XSim-61] Executing 'COMPILE and ANALYZE' step in 'C:/Users/239009/projekt/projekt_DE1/projekt_DE1.sim/sim_1/behav/xsim'
"xvhdl --incr --relax -prj tb_binary_to_morse_vhdl.prj"
INFO: [VRFC 10-163] Analyzing VHDL file "C:/Users/239009/projekt/projekt_DE1/projekt_DE1.srcs/sources_1/new/clock_enable.vhd" into library xil_defaultlib
INFO: [VRFC 10-3107] analyzing entity 'clock_enable'
INFO: [VRFC 10-163] Analyzing VHDL file "C:/Users/239009/projekt/projekt_DE1/projekt_DE1.srcs/sources_1/new/binary_to_morse.vhd" into library xil_defaultlib
INFO: [VRFC 10-3107] analyzing entity 'binary_to_morse'
INFO: [VRFC 10-163] Analyzing VHDL file "C:/Users/239009/projekt/projekt_DE1/projekt_DE1.srcs/sim_1/new/tb_binary_to_morse.vhd" into library xil_defaultlib
INFO: [VRFC 10-3107] analyzing entity 'tb_binary_to_morse'
INFO: [USF-XSim-69] 'compile' step finished in '2' seconds
INFO: [USF-XSim-3] XSim::Elaborate design
INFO: [USF-XSim-61] Executing 'ELABORATE' step in 'C:/Users/239009/projekt/projekt_DE1/projekt_DE1.sim/sim_1/behav/xsim'
"xelab -wto c985d7ba06584c27a95836d1f8082d21 --incr --debug typical --relax --mt 2 -L xil_defaultlib -L secureip --snapshot tb_binary_to_morse_behav xil_defaultlib.tb_binary_to_morse -log elaborate.log"
Vivado Simulator 2020.2
Copyright 1986-1999, 2001-2020 Xilinx, Inc. All Rights Reserved.
Running: C:/appz/Xilinx/Vivado/2020.2/bin/unwrapped/win64.o/xelab.exe -wto c985d7ba06584c27a95836d1f8082d21 --incr --debug typical --relax --mt 2 -L xil_defaultlib -L secureip --snapshot tb_binary_to_morse_behav xil_defaultlib.tb_binary_to_morse -log elaborate.log 
Using 2 slave threads.
Starting static elaboration
Completed static elaboration
Starting simulation data flow analysis
Completed simulation data flow analysis
Time Resolution for simulation is 1ps
Compiling package std.standard
Compiling package std.textio
Compiling package ieee.std_logic_1164
Compiling package ieee.numeric_std
Compiling architecture behavioral of entity xil_defaultlib.clock_enable [\clock_enable(g_max=1)\]
Compiling architecture behavioral of entity xil_defaultlib.binary_to_morse [binary_to_morse_default]
Compiling architecture testbench of entity xil_defaultlib.tb_binary_to_morse
Built simulation snapshot tb_binary_to_morse_behav
INFO: [USF-XSim-69] 'elaborate' step finished in '1' seconds
INFO: [USF-XSim-4] XSim::Simulate design
INFO: [USF-XSim-61] Executing 'SIMULATE' step in 'C:/Users/239009/projekt/projekt_DE1/projekt_DE1.sim/sim_1/behav/xsim'
INFO: [USF-XSim-98] *** Running xsim
   with args "tb_binary_to_morse_behav -key {Behavioral:sim_1:Functional:tb_binary_to_morse} -tclbatch {tb_binary_to_morse.tcl} -log {simulate.log}"
INFO: [USF-XSim-8] Loading simulator feature
Vivado Simulator 2020.2
Time resolution is 1 ps
source tb_binary_to_morse.tcl
# set curr_wave [current_wave_config]
# if { [string length $curr_wave] == 0 } {
#   if { [llength [get_objects]] > 0} {
#     add_wave /
#     set_property needs_save false [current_wave_config]
#   } else {
#      send_msg_id Add_Wave-1 WARNING "No top level signals found. Simulator will start without a wave window. If you want to open a wave window go to 'File->New Waveform Configuration' or type 'create_wave_config' in the TCL console."
#   }
# }
# run 1000 ns
Note: Stimulus process started
Time: 0 ps  Iteration: 0  Process: /tb_binary_to_morse/p_stimulus  File: C:/Users/239009/projekt/projekt_DE1/projekt_DE1.srcs/sim_1/new/tb_binary_to_morse.vhd
Note: Stimulus process finished
Time: 0 ps  Iteration: 0  Process: /tb_binary_to_morse/p_stimulus  File: C:/Users/239009/projekt/projekt_DE1/projekt_DE1.srcs/sim_1/new/tb_binary_to_morse.vhd
Note: Stimulus process started
Time: 0 ps  Iteration: 0  Process: /tb_binary_to_morse/p_data_gen  File: C:/Users/239009/projekt/projekt_DE1/projekt_DE1.srcs/sim_1/new/tb_binary_to_morse.vhd
Note: Stimulus process finished
Time: 10 ns  Iteration: 0  Process: /tb_binary_to_morse/p_data_gen  File: C:/Users/239009/projekt/projekt_DE1/projekt_DE1.srcs/sim_1/new/tb_binary_to_morse.vhd
INFO: [USF-XSim-96] XSim completed. Design snapshot 'tb_binary_to_morse_behav' loaded.
INFO: [USF-XSim-97] XSim simulation ran for 1000 ns
launch_simulation: Time (s): cpu = 00:00:02 ; elapsed = 00:00:05 . Memory (MB): peak = 2753.785 ; gain = 1.242
close_sim
INFO: [Simtcl 6-16] Simulation closed
launch_simulation
Command: launch_simulation 
INFO: [Vivado 12-5682] Launching behavioral simulation in 'C:/Users/239009/projekt/projekt_DE1/projekt_DE1.sim/sim_1/behav/xsim'
INFO: [SIM-utils-51] Simulation object is 'sim_1'
INFO: [SIM-utils-54] Inspecting design source files for 'tb_binary_to_morse' in fileset 'sim_1'...
INFO: [USF-XSim-97] Finding global include files...
INFO: [USF-XSim-98] Fetching design files from 'sim_1'...
INFO: [USF-XSim-2] XSim::Compile design
INFO: [USF-XSim-61] Executing 'COMPILE and ANALYZE' step in 'C:/Users/239009/projekt/projekt_DE1/projekt_DE1.sim/sim_1/behav/xsim'
"xvhdl --incr --relax -prj tb_binary_to_morse_vhdl.prj"
INFO: [VRFC 10-163] Analyzing VHDL file "C:/Users/239009/projekt/projekt_DE1/projekt_DE1.srcs/sources_1/new/clock_enable.vhd" into library xil_defaultlib
INFO: [VRFC 10-3107] analyzing entity 'clock_enable'
INFO: [VRFC 10-163] Analyzing VHDL file "C:/Users/239009/projekt/projekt_DE1/projekt_DE1.srcs/sources_1/new/binary_to_morse.vhd" into library xil_defaultlib
INFO: [VRFC 10-3107] analyzing entity 'binary_to_morse'
INFO: [VRFC 10-163] Analyzing VHDL file "C:/Users/239009/projekt/projekt_DE1/projekt_DE1.srcs/sim_1/new/tb_binary_to_morse.vhd" into library xil_defaultlib
INFO: [VRFC 10-3107] analyzing entity 'tb_binary_to_morse'
INFO: [USF-XSim-69] 'compile' step finished in '1' seconds
INFO: [USF-XSim-3] XSim::Elaborate design
INFO: [USF-XSim-61] Executing 'ELABORATE' step in 'C:/Users/239009/projekt/projekt_DE1/projekt_DE1.sim/sim_1/behav/xsim'
"xelab -wto c985d7ba06584c27a95836d1f8082d21 --incr --debug typical --relax --mt 2 -L xil_defaultlib -L secureip --snapshot tb_binary_to_morse_behav xil_defaultlib.tb_binary_to_morse -log elaborate.log"
Vivado Simulator 2020.2
Copyright 1986-1999, 2001-2020 Xilinx, Inc. All Rights Reserved.
Running: C:/appz/Xilinx/Vivado/2020.2/bin/unwrapped/win64.o/xelab.exe -wto c985d7ba06584c27a95836d1f8082d21 --incr --debug typical --relax --mt 2 -L xil_defaultlib -L secureip --snapshot tb_binary_to_morse_behav xil_defaultlib.tb_binary_to_morse -log elaborate.log 
Using 2 slave threads.
Starting static elaboration
Completed static elaboration
Starting simulation data flow analysis
Completed simulation data flow analysis
Time Resolution for simulation is 1ps
Compiling package std.standard
Compiling package std.textio
Compiling package ieee.std_logic_1164
Compiling package ieee.numeric_std
Compiling architecture behavioral of entity xil_defaultlib.clock_enable [\clock_enable(g_max=1)\]
Compiling architecture behavioral of entity xil_defaultlib.binary_to_morse [binary_to_morse_default]
Compiling architecture testbench of entity xil_defaultlib.tb_binary_to_morse
Built simulation snapshot tb_binary_to_morse_behav
INFO: [USF-XSim-69] 'elaborate' step finished in '2' seconds
INFO: [USF-XSim-4] XSim::Simulate design
INFO: [USF-XSim-61] Executing 'SIMULATE' step in 'C:/Users/239009/projekt/projekt_DE1/projekt_DE1.sim/sim_1/behav/xsim'
INFO: [USF-XSim-98] *** Running xsim
   with args "tb_binary_to_morse_behav -key {Behavioral:sim_1:Functional:tb_binary_to_morse} -tclbatch {tb_binary_to_morse.tcl} -log {simulate.log}"
INFO: [USF-XSim-8] Loading simulator feature
Vivado Simulator 2020.2
Time resolution is 1 ps
source tb_binary_to_morse.tcl
# set curr_wave [current_wave_config]
# if { [string length $curr_wave] == 0 } {
#   if { [llength [get_objects]] > 0} {
#     add_wave /
#     set_property needs_save false [current_wave_config]
#   } else {
#      send_msg_id Add_Wave-1 WARNING "No top level signals found. Simulator will start without a wave window. If you want to open a wave window go to 'File->New Waveform Configuration' or type 'create_wave_config' in the TCL console."
#   }
# }
# run 1000 ns
Note: Stimulus process started
Time: 0 ps  Iteration: 0  Process: /tb_binary_to_morse/p_stimulus  File: C:/Users/239009/projekt/projekt_DE1/projekt_DE1.srcs/sim_1/new/tb_binary_to_morse.vhd
Note: Stimulus process finished
Time: 0 ps  Iteration: 0  Process: /tb_binary_to_morse/p_stimulus  File: C:/Users/239009/projekt/projekt_DE1/projekt_DE1.srcs/sim_1/new/tb_binary_to_morse.vhd
Note: Stimulus process started
Time: 0 ps  Iteration: 0  Process: /tb_binary_to_morse/p_data_gen  File: C:/Users/239009/projekt/projekt_DE1/projekt_DE1.srcs/sim_1/new/tb_binary_to_morse.vhd
Note: Stimulus process finished
Time: 10 ns  Iteration: 0  Process: /tb_binary_to_morse/p_data_gen  File: C:/Users/239009/projekt/projekt_DE1/projekt_DE1.srcs/sim_1/new/tb_binary_to_morse.vhd
INFO: [USF-XSim-96] XSim completed. Design snapshot 'tb_binary_to_morse_behav' loaded.
INFO: [USF-XSim-97] XSim simulation ran for 1000 ns
launch_simulation: Time (s): cpu = 00:00:02 ; elapsed = 00:00:05 . Memory (MB): peak = 2756.426 ; gain = 2.320
close_sim
INFO: [Simtcl 6-16] Simulation closed
launch_simulation
Command: launch_simulation 
INFO: [Vivado 12-5682] Launching behavioral simulation in 'C:/Users/239009/projekt/projekt_DE1/projekt_DE1.sim/sim_1/behav/xsim'
INFO: [SIM-utils-51] Simulation object is 'sim_1'
INFO: [SIM-utils-54] Inspecting design source files for 'tb_binary_to_morse' in fileset 'sim_1'...
INFO: [USF-XSim-97] Finding global include files...
INFO: [USF-XSim-98] Fetching design files from 'sim_1'...
INFO: [USF-XSim-2] XSim::Compile design
INFO: [USF-XSim-61] Executing 'COMPILE and ANALYZE' step in 'C:/Users/239009/projekt/projekt_DE1/projekt_DE1.sim/sim_1/behav/xsim'
"xvhdl --incr --relax -prj tb_binary_to_morse_vhdl.prj"
INFO: [VRFC 10-163] Analyzing VHDL file "C:/Users/239009/projekt/projekt_DE1/projekt_DE1.srcs/sources_1/new/binary_to_morse.vhd" into library xil_defaultlib
INFO: [VRFC 10-3107] analyzing entity 'binary_to_morse'
INFO: [VRFC 10-163] Analyzing VHDL file "C:/Users/239009/projekt/projekt_DE1/projekt_DE1.srcs/sim_1/new/tb_binary_to_morse.vhd" into library xil_defaultlib
INFO: [VRFC 10-3107] analyzing entity 'tb_binary_to_morse'
INFO: [USF-XSim-69] 'compile' step finished in '1' seconds
INFO: [USF-XSim-3] XSim::Elaborate design
INFO: [USF-XSim-61] Executing 'ELABORATE' step in 'C:/Users/239009/projekt/projekt_DE1/projekt_DE1.sim/sim_1/behav/xsim'
"xelab -wto c985d7ba06584c27a95836d1f8082d21 --incr --debug typical --relax --mt 2 -L xil_defaultlib -L secureip --snapshot tb_binary_to_morse_behav xil_defaultlib.tb_binary_to_morse -log elaborate.log"
Vivado Simulator 2020.2
Copyright 1986-1999, 2001-2020 Xilinx, Inc. All Rights Reserved.
Running: C:/appz/Xilinx/Vivado/2020.2/bin/unwrapped/win64.o/xelab.exe -wto c985d7ba06584c27a95836d1f8082d21 --incr --debug typical --relax --mt 2 -L xil_defaultlib -L secureip --snapshot tb_binary_to_morse_behav xil_defaultlib.tb_binary_to_morse -log elaborate.log 
Using 2 slave threads.
Starting static elaboration
Completed static elaboration
Starting simulation data flow analysis
Completed simulation data flow analysis
Time Resolution for simulation is 1ps
Compiling package std.standard
Compiling package std.textio
Compiling package ieee.std_logic_1164
Compiling package ieee.numeric_std
Compiling architecture behavioral of entity xil_defaultlib.clock_enable [\clock_enable(g_max=1)\]
Compiling architecture behavioral of entity xil_defaultlib.binary_to_morse [binary_to_morse_default]
Compiling architecture testbench of entity xil_defaultlib.tb_binary_to_morse
Built simulation snapshot tb_binary_to_morse_behav
INFO: [USF-XSim-69] 'elaborate' step finished in '1' seconds
INFO: [USF-XSim-4] XSim::Simulate design
INFO: [USF-XSim-61] Executing 'SIMULATE' step in 'C:/Users/239009/projekt/projekt_DE1/projekt_DE1.sim/sim_1/behav/xsim'
INFO: [USF-XSim-98] *** Running xsim
   with args "tb_binary_to_morse_behav -key {Behavioral:sim_1:Functional:tb_binary_to_morse} -tclbatch {tb_binary_to_morse.tcl} -log {simulate.log}"
INFO: [USF-XSim-8] Loading simulator feature
Vivado Simulator 2020.2
Time resolution is 1 ps
source tb_binary_to_morse.tcl
# set curr_wave [current_wave_config]
# if { [string length $curr_wave] == 0 } {
#   if { [llength [get_objects]] > 0} {
#     add_wave /
#     set_property needs_save false [current_wave_config]
#   } else {
#      send_msg_id Add_Wave-1 WARNING "No top level signals found. Simulator will start without a wave window. If you want to open a wave window go to 'File->New Waveform Configuration' or type 'create_wave_config' in the TCL console."
#   }
# }
# run 1000 ns
Note: Stimulus process started
Time: 0 ps  Iteration: 0  Process: /tb_binary_to_morse/p_stimulus  File: C:/Users/239009/projekt/projekt_DE1/projekt_DE1.srcs/sim_1/new/tb_binary_to_morse.vhd
Note: Stimulus process finished
Time: 0 ps  Iteration: 0  Process: /tb_binary_to_morse/p_stimulus  File: C:/Users/239009/projekt/projekt_DE1/projekt_DE1.srcs/sim_1/new/tb_binary_to_morse.vhd
Note: Stimulus process started
Time: 0 ps  Iteration: 0  Process: /tb_binary_to_morse/p_data_gen  File: C:/Users/239009/projekt/projekt_DE1/projekt_DE1.srcs/sim_1/new/tb_binary_to_morse.vhd
Note: Stimulus process finished
Time: 10 ns  Iteration: 0  Process: /tb_binary_to_morse/p_data_gen  File: C:/Users/239009/projekt/projekt_DE1/projekt_DE1.srcs/sim_1/new/tb_binary_to_morse.vhd
INFO: [USF-XSim-96] XSim completed. Design snapshot 'tb_binary_to_morse_behav' loaded.
INFO: [USF-XSim-97] XSim simulation ran for 1000 ns
close_sim
INFO: [Simtcl 6-16] Simulation closed
launch_simulation
Command: launch_simulation 
INFO: [Vivado 12-5682] Launching behavioral simulation in 'C:/Users/239009/projekt/projekt_DE1/projekt_DE1.sim/sim_1/behav/xsim'
INFO: [SIM-utils-51] Simulation object is 'sim_1'
INFO: [SIM-utils-54] Inspecting design source files for 'tb_binary_to_morse' in fileset 'sim_1'...
INFO: [USF-XSim-97] Finding global include files...
INFO: [USF-XSim-98] Fetching design files from 'sim_1'...
INFO: [USF-XSim-2] XSim::Compile design
INFO: [USF-XSim-61] Executing 'COMPILE and ANALYZE' step in 'C:/Users/239009/projekt/projekt_DE1/projekt_DE1.sim/sim_1/behav/xsim'
"xvhdl --incr --relax -prj tb_binary_to_morse_vhdl.prj"
INFO: [VRFC 10-163] Analyzing VHDL file "C:/Users/239009/projekt/projekt_DE1/projekt_DE1.srcs/sources_1/new/binary_to_morse.vhd" into library xil_defaultlib
INFO: [VRFC 10-3107] analyzing entity 'binary_to_morse'
INFO: [VRFC 10-163] Analyzing VHDL file "C:/Users/239009/projekt/projekt_DE1/projekt_DE1.srcs/sim_1/new/tb_binary_to_morse.vhd" into library xil_defaultlib
INFO: [VRFC 10-3107] analyzing entity 'tb_binary_to_morse'
INFO: [USF-XSim-69] 'compile' step finished in '1' seconds
INFO: [USF-XSim-3] XSim::Elaborate design
INFO: [USF-XSim-61] Executing 'ELABORATE' step in 'C:/Users/239009/projekt/projekt_DE1/projekt_DE1.sim/sim_1/behav/xsim'
"xelab -wto c985d7ba06584c27a95836d1f8082d21 --incr --debug typical --relax --mt 2 -L xil_defaultlib -L secureip --snapshot tb_binary_to_morse_behav xil_defaultlib.tb_binary_to_morse -log elaborate.log"
Vivado Simulator 2020.2
Copyright 1986-1999, 2001-2020 Xilinx, Inc. All Rights Reserved.
Running: C:/appz/Xilinx/Vivado/2020.2/bin/unwrapped/win64.o/xelab.exe -wto c985d7ba06584c27a95836d1f8082d21 --incr --debug typical --relax --mt 2 -L xil_defaultlib -L secureip --snapshot tb_binary_to_morse_behav xil_defaultlib.tb_binary_to_morse -log elaborate.log 
Using 2 slave threads.
Starting static elaboration
Completed static elaboration
Starting simulation data flow analysis
Completed simulation data flow analysis
Time Resolution for simulation is 1ps
Compiling package std.standard
Compiling package std.textio
Compiling package ieee.std_logic_1164
Compiling package ieee.numeric_std
Compiling architecture behavioral of entity xil_defaultlib.clock_enable [\clock_enable(g_max=1)\]
Compiling architecture behavioral of entity xil_defaultlib.binary_to_morse [binary_to_morse_default]
Compiling architecture testbench of entity xil_defaultlib.tb_binary_to_morse
Built simulation snapshot tb_binary_to_morse_behav
INFO: [USF-XSim-69] 'elaborate' step finished in '2' seconds
INFO: [USF-XSim-4] XSim::Simulate design
INFO: [USF-XSim-61] Executing 'SIMULATE' step in 'C:/Users/239009/projekt/projekt_DE1/projekt_DE1.sim/sim_1/behav/xsim'
INFO: [USF-XSim-98] *** Running xsim
   with args "tb_binary_to_morse_behav -key {Behavioral:sim_1:Functional:tb_binary_to_morse} -tclbatch {tb_binary_to_morse.tcl} -log {simulate.log}"
INFO: [USF-XSim-8] Loading simulator feature
Vivado Simulator 2020.2
Time resolution is 1 ps
source tb_binary_to_morse.tcl
# set curr_wave [current_wave_config]
# if { [string length $curr_wave] == 0 } {
#   if { [llength [get_objects]] > 0} {
#     add_wave /
#     set_property needs_save false [current_wave_config]
#   } else {
#      send_msg_id Add_Wave-1 WARNING "No top level signals found. Simulator will start without a wave window. If you want to open a wave window go to 'File->New Waveform Configuration' or type 'create_wave_config' in the TCL console."
#   }
# }
# run 1000 ns
Note: Stimulus process started
Time: 0 ps  Iteration: 0  Process: /tb_binary_to_morse/p_stimulus  File: C:/Users/239009/projekt/projekt_DE1/projekt_DE1.srcs/sim_1/new/tb_binary_to_morse.vhd
Note: Stimulus process finished
Time: 0 ps  Iteration: 0  Process: /tb_binary_to_morse/p_stimulus  File: C:/Users/239009/projekt/projekt_DE1/projekt_DE1.srcs/sim_1/new/tb_binary_to_morse.vhd
INFO: [USF-XSim-96] XSim completed. Design snapshot 'tb_binary_to_morse_behav' loaded.
INFO: [USF-XSim-97] XSim simulation ran for 1000 ns
close_sim
INFO: [Simtcl 6-16] Simulation closed
launch_simulation
Command: launch_simulation 
INFO: [Vivado 12-5682] Launching behavioral simulation in 'C:/Users/239009/projekt/projekt_DE1/projekt_DE1.sim/sim_1/behav/xsim'
INFO: [SIM-utils-51] Simulation object is 'sim_1'
INFO: [SIM-utils-54] Inspecting design source files for 'tb_binary_to_morse' in fileset 'sim_1'...
INFO: [USF-XSim-97] Finding global include files...
INFO: [USF-XSim-98] Fetching design files from 'sim_1'...
INFO: [USF-XSim-2] XSim::Compile design
INFO: [USF-XSim-61] Executing 'COMPILE and ANALYZE' step in 'C:/Users/239009/projekt/projekt_DE1/projekt_DE1.sim/sim_1/behav/xsim'
"xvhdl --incr --relax -prj tb_binary_to_morse_vhdl.prj"
INFO: [VRFC 10-163] Analyzing VHDL file "C:/Users/239009/projekt/projekt_DE1/projekt_DE1.srcs/sim_1/new/tb_binary_to_morse.vhd" into library xil_defaultlib
INFO: [VRFC 10-3107] analyzing entity 'tb_binary_to_morse'
INFO: [USF-XSim-69] 'compile' step finished in '2' seconds
INFO: [USF-XSim-3] XSim::Elaborate design
INFO: [USF-XSim-61] Executing 'ELABORATE' step in 'C:/Users/239009/projekt/projekt_DE1/projekt_DE1.sim/sim_1/behav/xsim'
"xelab -wto c985d7ba06584c27a95836d1f8082d21 --incr --debug typical --relax --mt 2 -L xil_defaultlib -L secureip --snapshot tb_binary_to_morse_behav xil_defaultlib.tb_binary_to_morse -log elaborate.log"
Vivado Simulator 2020.2
Copyright 1986-1999, 2001-2020 Xilinx, Inc. All Rights Reserved.
Running: C:/appz/Xilinx/Vivado/2020.2/bin/unwrapped/win64.o/xelab.exe -wto c985d7ba06584c27a95836d1f8082d21 --incr --debug typical --relax --mt 2 -L xil_defaultlib -L secureip --snapshot tb_binary_to_morse_behav xil_defaultlib.tb_binary_to_morse -log elaborate.log 
Using 2 slave threads.
Starting static elaboration
Completed static elaboration
Starting simulation data flow analysis
Completed simulation data flow analysis
Time Resolution for simulation is 1ps
Compiling package std.standard
Compiling package std.textio
Compiling package ieee.std_logic_1164
Compiling package ieee.numeric_std
Compiling architecture behavioral of entity xil_defaultlib.clock_enable [\clock_enable(g_max=1)\]
Compiling architecture behavioral of entity xil_defaultlib.binary_to_morse [binary_to_morse_default]
Compiling architecture testbench of entity xil_defaultlib.tb_binary_to_morse
Built simulation snapshot tb_binary_to_morse_behav
INFO: [USF-XSim-69] 'elaborate' step finished in '1' seconds
INFO: [USF-XSim-4] XSim::Simulate design
INFO: [USF-XSim-61] Executing 'SIMULATE' step in 'C:/Users/239009/projekt/projekt_DE1/projekt_DE1.sim/sim_1/behav/xsim'
INFO: [USF-XSim-98] *** Running xsim
   with args "tb_binary_to_morse_behav -key {Behavioral:sim_1:Functional:tb_binary_to_morse} -tclbatch {tb_binary_to_morse.tcl} -log {simulate.log}"
INFO: [USF-XSim-8] Loading simulator feature
Vivado Simulator 2020.2
Time resolution is 1 ps
source tb_binary_to_morse.tcl
# set curr_wave [current_wave_config]
# if { [string length $curr_wave] == 0 } {
#   if { [llength [get_objects]] > 0} {
#     add_wave /
#     set_property needs_save false [current_wave_config]
#   } else {
#      send_msg_id Add_Wave-1 WARNING "No top level signals found. Simulator will start without a wave window. If you want to open a wave window go to 'File->New Waveform Configuration' or type 'create_wave_config' in the TCL console."
#   }
# }
# run 1000 ns
Note: Stimulus process started
Time: 0 ps  Iteration: 0  Process: /tb_binary_to_morse/p_stimulus  File: C:/Users/239009/projekt/projekt_DE1/projekt_DE1.srcs/sim_1/new/tb_binary_to_morse.vhd
Note: Stimulus process finished
Time: 0 ps  Iteration: 0  Process: /tb_binary_to_morse/p_stimulus  File: C:/Users/239009/projekt/projekt_DE1/projekt_DE1.srcs/sim_1/new/tb_binary_to_morse.vhd
INFO: [USF-XSim-96] XSim completed. Design snapshot 'tb_binary_to_morse_behav' loaded.
INFO: [USF-XSim-97] XSim simulation ran for 1000 ns
close_sim
INFO: [Simtcl 6-16] Simulation closed
launch_simulation
Command: launch_simulation 
INFO: [Vivado 12-5682] Launching behavioral simulation in 'C:/Users/239009/projekt/projekt_DE1/projekt_DE1.sim/sim_1/behav/xsim'
INFO: [SIM-utils-51] Simulation object is 'sim_1'
INFO: [SIM-utils-54] Inspecting design source files for 'tb_binary_to_morse' in fileset 'sim_1'...
INFO: [USF-XSim-97] Finding global include files...
INFO: [USF-XSim-98] Fetching design files from 'sim_1'...
INFO: [USF-XSim-2] XSim::Compile design
INFO: [USF-XSim-61] Executing 'COMPILE and ANALYZE' step in 'C:/Users/239009/projekt/projekt_DE1/projekt_DE1.sim/sim_1/behav/xsim'
"xvhdl --incr --relax -prj tb_binary_to_morse_vhdl.prj"
INFO: [VRFC 10-163] Analyzing VHDL file "C:/Users/239009/projekt/projekt_DE1/projekt_DE1.srcs/sources_1/new/binary_to_morse.vhd" into library xil_defaultlib
INFO: [VRFC 10-3107] analyzing entity 'binary_to_morse'
ERROR: [VRFC 10-4982] syntax error near 'if' [C:/Users/239009/projekt/projekt_DE1/projekt_DE1.srcs/sources_1/new/binary_to_morse.vhd:164]
INFO: [VRFC 10-3070] VHDL file 'C:/Users/239009/projekt/projekt_DE1/projekt_DE1.srcs/sources_1/new/binary_to_morse.vhd' ignored due to errors
INFO: [USF-XSim-69] 'compile' step finished in '2' seconds
INFO: [USF-XSim-99] Step results log file:'C:/Users/239009/projekt/projekt_DE1/projekt_DE1.sim/sim_1/behav/xsim/xvhdl.log'
ERROR: [USF-XSim-62] 'compile' step failed with error(s). Please check the Tcl console output or 'C:/Users/239009/projekt/projekt_DE1/projekt_DE1.sim/sim_1/behav/xsim/xvhdl.log' file for more information.
ERROR: [Vivado 12-4473] Detected error while running simulation. Please correct the issue and retry this operation.
ERROR: [Common 17-39] 'launch_simulation' failed due to earlier errors.
launch_simulation
Command: launch_simulation 
INFO: [Vivado 12-5682] Launching behavioral simulation in 'C:/Users/239009/projekt/projekt_DE1/projekt_DE1.sim/sim_1/behav/xsim'
INFO: [SIM-utils-51] Simulation object is 'sim_1'
INFO: [SIM-utils-54] Inspecting design source files for 'tb_binary_to_morse' in fileset 'sim_1'...
INFO: [USF-XSim-97] Finding global include files...
INFO: [USF-XSim-98] Fetching design files from 'sim_1'...
INFO: [USF-XSim-2] XSim::Compile design
INFO: [USF-XSim-61] Executing 'COMPILE and ANALYZE' step in 'C:/Users/239009/projekt/projekt_DE1/projekt_DE1.sim/sim_1/behav/xsim'
"xvhdl --incr --relax -prj tb_binary_to_morse_vhdl.prj"
INFO: [VRFC 10-163] Analyzing VHDL file "C:/Users/239009/projekt/projekt_DE1/projekt_DE1.srcs/sources_1/new/binary_to_morse.vhd" into library xil_defaultlib
INFO: [VRFC 10-3107] analyzing entity 'binary_to_morse'
INFO: [VRFC 10-163] Analyzing VHDL file "C:/Users/239009/projekt/projekt_DE1/projekt_DE1.srcs/sim_1/new/tb_binary_to_morse.vhd" into library xil_defaultlib
INFO: [VRFC 10-3107] analyzing entity 'tb_binary_to_morse'
INFO: [USF-XSim-69] 'compile' step finished in '1' seconds
INFO: [USF-XSim-3] XSim::Elaborate design
INFO: [USF-XSim-61] Executing 'ELABORATE' step in 'C:/Users/239009/projekt/projekt_DE1/projekt_DE1.sim/sim_1/behav/xsim'
"xelab -wto c985d7ba06584c27a95836d1f8082d21 --incr --debug typical --relax --mt 2 -L xil_defaultlib -L secureip --snapshot tb_binary_to_morse_behav xil_defaultlib.tb_binary_to_morse -log elaborate.log"
Vivado Simulator 2020.2
Copyright 1986-1999, 2001-2020 Xilinx, Inc. All Rights Reserved.
Running: C:/appz/Xilinx/Vivado/2020.2/bin/unwrapped/win64.o/xelab.exe -wto c985d7ba06584c27a95836d1f8082d21 --incr --debug typical --relax --mt 2 -L xil_defaultlib -L secureip --snapshot tb_binary_to_morse_behav xil_defaultlib.tb_binary_to_morse -log elaborate.log 
Using 2 slave threads.
Starting static elaboration
Completed static elaboration
Starting simulation data flow analysis
Completed simulation data flow analysis
Time Resolution for simulation is 1ps
Compiling package std.standard
Compiling package std.textio
Compiling package ieee.std_logic_1164
Compiling package ieee.numeric_std
Compiling architecture behavioral of entity xil_defaultlib.clock_enable [\clock_enable(g_max=1)\]
Compiling architecture behavioral of entity xil_defaultlib.binary_to_morse [binary_to_morse_default]
Compiling architecture testbench of entity xil_defaultlib.tb_binary_to_morse
Built simulation snapshot tb_binary_to_morse_behav
INFO: [USF-XSim-69] 'elaborate' step finished in '2' seconds
INFO: [USF-XSim-4] XSim::Simulate design
INFO: [USF-XSim-61] Executing 'SIMULATE' step in 'C:/Users/239009/projekt/projekt_DE1/projekt_DE1.sim/sim_1/behav/xsim'
INFO: [USF-XSim-98] *** Running xsim
   with args "tb_binary_to_morse_behav -key {Behavioral:sim_1:Functional:tb_binary_to_morse} -tclbatch {tb_binary_to_morse.tcl} -log {simulate.log}"
INFO: [USF-XSim-8] Loading simulator feature
Vivado Simulator 2020.2
Time resolution is 1 ps
source tb_binary_to_morse.tcl
# set curr_wave [current_wave_config]
# if { [string length $curr_wave] == 0 } {
#   if { [llength [get_objects]] > 0} {
#     add_wave /
#     set_property needs_save false [current_wave_config]
#   } else {
#      send_msg_id Add_Wave-1 WARNING "No top level signals found. Simulator will start without a wave window. If you want to open a wave window go to 'File->New Waveform Configuration' or type 'create_wave_config' in the TCL console."
#   }
# }
# run 1000 ns
Note: Stimulus process started
Time: 0 ps  Iteration: 0  Process: /tb_binary_to_morse/p_stimulus  File: C:/Users/239009/projekt/projekt_DE1/projekt_DE1.srcs/sim_1/new/tb_binary_to_morse.vhd
Note: Stimulus process finished
Time: 0 ps  Iteration: 0  Process: /tb_binary_to_morse/p_stimulus  File: C:/Users/239009/projekt/projekt_DE1/projekt_DE1.srcs/sim_1/new/tb_binary_to_morse.vhd
INFO: [USF-XSim-96] XSim completed. Design snapshot 'tb_binary_to_morse_behav' loaded.
INFO: [USF-XSim-97] XSim simulation ran for 1000 ns
ERROR: [Labtoolstcl 44-513] HW Target shutdown. Closing target: localhost:3121/xilinx_tcf/Digilent/210292AA7DEBA
close_sim
INFO: [Simtcl 6-16] Simulation closed
exit
INFO: [Common 17-206] Exiting Vivado at Wed Apr 12 16:51:44 2023...
