
*** Running vivado
    with args -log top.vds -m64 -product Vivado -mode batch -messageDb vivado.pb -notrace -source top.tcl



****** Vivado v2020.2 (64-bit)
  **** SW Build 3064766 on Wed Nov 18 09:12:45 MST 2020
  **** IP Build 3064653 on Wed Nov 18 14:17:31 MST 2020
    ** Copyright 1986-2020 Xilinx, Inc. All Rights Reserved.

source top.tcl -notrace
Command: synth_design -top top -part xc7a50ticsg324-1L
Starting synth_design
Attempting to get a license for feature 'Synthesis' and/or device 'xc7a50ti'
INFO: [Common 17-349] Got license for feature 'Synthesis' and/or device 'xc7a50ti'
INFO: [Device 21-403] Loading part xc7a50ticsg324-1L
INFO: [Synth 8-7079] Multithreading enabled for synth_design using a maximum of 2 processes.
INFO: [Synth 8-7078] Launching helper process for spawning children vivado processes
INFO: [Synth 8-7075] Helper process launched with PID 1136
---------------------------------------------------------------------------------
Starting RTL Elaboration : Time (s): cpu = 00:00:04 ; elapsed = 00:00:04 . Memory (MB): peak = 999.820 ; gain = 0.000
---------------------------------------------------------------------------------
INFO: [Synth 8-638] synthesizing module 'top' [C:/Users/239009/projekt/projekt_DE1/projekt_DE1.srcs/sources_1/new/top.vhd:23]
INFO: [Synth 8-638] synthesizing module 'binary_to_morse' [C:/Users/239009/projekt/projekt_DE1/projekt_DE1.srcs/sources_1/new/binary_to_morse.vhd:20]
WARNING: [Synth 8-614] signal 'trans_recieve' is read in the process but is not in the sensitivity list [C:/Users/239009/projekt/projekt_DE1/projekt_DE1.srcs/sources_1/new/binary_to_morse.vhd:33]
WARNING: [Synth 8-614] signal 'rst' is read in the process but is not in the sensitivity list [C:/Users/239009/projekt/projekt_DE1/projekt_DE1.srcs/sources_1/new/binary_to_morse.vhd:33]
INFO: [Synth 8-256] done synthesizing module 'binary_to_morse' (1#1) [C:/Users/239009/projekt/projekt_DE1/projekt_DE1.srcs/sources_1/new/binary_to_morse.vhd:20]
INFO: [Synth 8-638] synthesizing module 'clock_enable' [C:/Users/239009/projekt/projekt_DE1/projekt_DE1.srcs/sources_1/new/clock_enable.vhd:25]
	Parameter g_MAX bound to: 20000000 - type: integer 
INFO: [Synth 8-256] done synthesizing module 'clock_enable' (2#1) [C:/Users/239009/projekt/projekt_DE1/projekt_DE1.srcs/sources_1/new/clock_enable.vhd:25]
INFO: [Synth 8-638] synthesizing module 'morse_to_binary' [C:/Users/239009/projekt/projekt_DE1/projekt_DE1.srcs/sources_1/new/morsetobin.vhd:56]
WARNING: [Synth 8-614] signal 'trans_recieve' is read in the process but is not in the sensitivity list [C:/Users/239009/projekt/projekt_DE1/projekt_DE1.srcs/sources_1/new/morsetobin.vhd:77]
INFO: [Synth 8-256] done synthesizing module 'morse_to_binary' (3#1) [C:/Users/239009/projekt/projekt_DE1/projekt_DE1.srcs/sources_1/new/morsetobin.vhd:56]
INFO: [Synth 8-638] synthesizing module 'translator' [C:/Users/239009/projekt/projekt_DE1/projekt_DE1.srcs/sources_1/new/translator.vhd:28]
WARNING: [Synth 8-614] signal 'trans_recieve' is read in the process but is not in the sensitivity list [C:/Users/239009/projekt/projekt_DE1/projekt_DE1.srcs/sources_1/new/translator.vhd:39]
INFO: [Synth 8-256] done synthesizing module 'translator' (4#1) [C:/Users/239009/projekt/projekt_DE1/projekt_DE1.srcs/sources_1/new/translator.vhd:28]
INFO: [Synth 8-256] done synthesizing module 'top' (5#1) [C:/Users/239009/projekt/projekt_DE1/projekt_DE1.srcs/sources_1/new/top.vhd:23]
---------------------------------------------------------------------------------
Finished RTL Elaboration : Time (s): cpu = 00:00:05 ; elapsed = 00:00:05 . Memory (MB): peak = 999.820 ; gain = 0.000
---------------------------------------------------------------------------------
---------------------------------------------------------------------------------
Start Handling Custom Attributes
---------------------------------------------------------------------------------
---------------------------------------------------------------------------------
Finished Handling Custom Attributes : Time (s): cpu = 00:00:06 ; elapsed = 00:00:06 . Memory (MB): peak = 999.820 ; gain = 0.000
---------------------------------------------------------------------------------
---------------------------------------------------------------------------------
Finished RTL Optimization Phase 1 : Time (s): cpu = 00:00:06 ; elapsed = 00:00:06 . Memory (MB): peak = 999.820 ; gain = 0.000
---------------------------------------------------------------------------------
Netlist sorting complete. Time (s): cpu = 00:00:00 ; elapsed = 00:00:00.012 . Memory (MB): peak = 999.820 ; gain = 0.000
INFO: [Project 1-570] Preparing netlist for logic optimization

Processing XDC Constraints
Initializing timing engine
Parsing XDC File [C:/Users/239009/projekt/projekt_DE1/projekt_DE1.srcs/constrs_1/new/nexys-a7-50t.xdc]
Finished Parsing XDC File [C:/Users/239009/projekt/projekt_DE1/projekt_DE1.srcs/constrs_1/new/nexys-a7-50t.xdc]
INFO: [Project 1-236] Implementation specific constraints were found while reading constraint file [C:/Users/239009/projekt/projekt_DE1/projekt_DE1.srcs/constrs_1/new/nexys-a7-50t.xdc]. These constraints will be ignored for synthesis but will be used in implementation. Impacted constraints are listed in the file [.Xil/top_propImpl.xdc].
Resolution: To avoid this warning, move constraints listed in [.Xil/top_propImpl.xdc] to another XDC file and exclude this new file from synthesis with the used_in_synthesis property (File Properties dialog in GUI) and re-run elaboration/synthesis.
Completed Processing XDC Constraints

Netlist sorting complete. Time (s): cpu = 00:00:00 ; elapsed = 00:00:00 . Memory (MB): peak = 1004.270 ; gain = 0.000
INFO: [Project 1-111] Unisim Transformation Summary:
No Unisim elements were transformed.

Constraint Validation Runtime : Time (s): cpu = 00:00:00 ; elapsed = 00:00:00.004 . Memory (MB): peak = 1004.270 ; gain = 0.000
---------------------------------------------------------------------------------
Finished Constraint Validation : Time (s): cpu = 00:00:11 ; elapsed = 00:00:12 . Memory (MB): peak = 1004.270 ; gain = 4.449
---------------------------------------------------------------------------------
---------------------------------------------------------------------------------
Start Loading Part and Timing Information
---------------------------------------------------------------------------------
Loading part: xc7a50ticsg324-1L
---------------------------------------------------------------------------------
Finished Loading Part and Timing Information : Time (s): cpu = 00:00:11 ; elapsed = 00:00:12 . Memory (MB): peak = 1004.270 ; gain = 4.449
---------------------------------------------------------------------------------
---------------------------------------------------------------------------------
Start Applying 'set_property' XDC Constraints
---------------------------------------------------------------------------------
---------------------------------------------------------------------------------
Finished applying 'set_property' XDC Constraints : Time (s): cpu = 00:00:11 ; elapsed = 00:00:12 . Memory (MB): peak = 1004.270 ; gain = 4.449
---------------------------------------------------------------------------------
---------------------------------------------------------------------------------
Finished RTL Optimization Phase 2 : Time (s): cpu = 00:00:12 ; elapsed = 00:00:13 . Memory (MB): peak = 1004.270 ; gain = 4.449
---------------------------------------------------------------------------------
---------------------------------------------------------------------------------
Start RTL Component Statistics 
---------------------------------------------------------------------------------
Detailed RTL Component Info : 
+---Adders : 
	   2 Input    5 Bit       Adders := 3     
+---Registers : 
	                7 Bit    Registers := 1     
	                5 Bit    Registers := 3     
	                2 Bit    Registers := 8     
	                1 Bit    Registers := 3     
+---Muxes : 
	   2 Input    7 Bit        Muxes := 3     
	   6 Input    7 Bit        Muxes := 1     
	   7 Input    7 Bit        Muxes := 2     
	   5 Input    7 Bit        Muxes := 1     
	   8 Input    7 Bit        Muxes := 1     
	   5 Input    5 Bit        Muxes := 14    
	   2 Input    5 Bit        Muxes := 47    
	   7 Input    5 Bit        Muxes := 4     
	   8 Input    5 Bit        Muxes := 1     
	   4 Input    5 Bit        Muxes := 1     
	   4 Input    2 Bit        Muxes := 1     
	   3 Input    2 Bit        Muxes := 1     
	   2 Input    2 Bit        Muxes := 6     
	   5 Input    2 Bit        Muxes := 1     
	   6 Input    2 Bit        Muxes := 2     
	   7 Input    2 Bit        Muxes := 2     
	   8 Input    2 Bit        Muxes := 1     
	   2 Input    1 Bit        Muxes := 124   
	   5 Input    1 Bit        Muxes := 19    
	   7 Input    1 Bit        Muxes := 4     
	   8 Input    1 Bit        Muxes := 1     
	   4 Input    1 Bit        Muxes := 2     
	   3 Input    1 Bit        Muxes := 1     
---------------------------------------------------------------------------------
Finished RTL Component Statistics 
---------------------------------------------------------------------------------
---------------------------------------------------------------------------------
Start Part Resource Summary
---------------------------------------------------------------------------------
Part Resources:
DSPs: 120 (col length:60)
BRAMs: 150 (col length: RAMB18 60 RAMB36 30)
---------------------------------------------------------------------------------
Finished Part Resource Summary
---------------------------------------------------------------------------------
---------------------------------------------------------------------------------
Start Cross Boundary and Area Optimization
---------------------------------------------------------------------------------
---------------------------------------------------------------------------------
Finished Cross Boundary and Area Optimization : Time (s): cpu = 00:00:16 ; elapsed = 00:00:17 . Memory (MB): peak = 1004.270 ; gain = 4.449
---------------------------------------------------------------------------------
---------------------------------------------------------------------------------
Start Applying XDC Timing Constraints
---------------------------------------------------------------------------------
---------------------------------------------------------------------------------
Finished Applying XDC Timing Constraints : Time (s): cpu = 00:00:22 ; elapsed = 00:00:22 . Memory (MB): peak = 1004.270 ; gain = 4.449
---------------------------------------------------------------------------------
---------------------------------------------------------------------------------
Start Timing Optimization
---------------------------------------------------------------------------------
---------------------------------------------------------------------------------
Finished Timing Optimization : Time (s): cpu = 00:00:23 ; elapsed = 00:00:23 . Memory (MB): peak = 1012.859 ; gain = 13.039
---------------------------------------------------------------------------------
---------------------------------------------------------------------------------
Start Technology Mapping
---------------------------------------------------------------------------------
---------------------------------------------------------------------------------
Finished Technology Mapping : Time (s): cpu = 00:00:23 ; elapsed = 00:00:23 . Memory (MB): peak = 1023.332 ; gain = 23.512
---------------------------------------------------------------------------------
---------------------------------------------------------------------------------
Start IO Insertion
---------------------------------------------------------------------------------
---------------------------------------------------------------------------------
Start Flattening Before IO Insertion
---------------------------------------------------------------------------------
---------------------------------------------------------------------------------
Finished Flattening Before IO Insertion
---------------------------------------------------------------------------------
---------------------------------------------------------------------------------
Start Final Netlist Cleanup
---------------------------------------------------------------------------------
---------------------------------------------------------------------------------
Finished Final Netlist Cleanup
---------------------------------------------------------------------------------
---------------------------------------------------------------------------------
Finished IO Insertion : Time (s): cpu = 00:00:26 ; elapsed = 00:00:27 . Memory (MB): peak = 1023.332 ; gain = 23.512
---------------------------------------------------------------------------------
---------------------------------------------------------------------------------
Start Renaming Generated Instances
---------------------------------------------------------------------------------
---------------------------------------------------------------------------------
Finished Renaming Generated Instances : Time (s): cpu = 00:00:26 ; elapsed = 00:00:27 . Memory (MB): peak = 1023.332 ; gain = 23.512
---------------------------------------------------------------------------------
---------------------------------------------------------------------------------
Start Rebuilding User Hierarchy
---------------------------------------------------------------------------------
---------------------------------------------------------------------------------
Finished Rebuilding User Hierarchy : Time (s): cpu = 00:00:26 ; elapsed = 00:00:27 . Memory (MB): peak = 1023.332 ; gain = 23.512
---------------------------------------------------------------------------------
---------------------------------------------------------------------------------
Start Renaming Generated Ports
---------------------------------------------------------------------------------
---------------------------------------------------------------------------------
Finished Renaming Generated Ports : Time (s): cpu = 00:00:26 ; elapsed = 00:00:27 . Memory (MB): peak = 1023.332 ; gain = 23.512
---------------------------------------------------------------------------------
---------------------------------------------------------------------------------
Start Handling Custom Attributes
---------------------------------------------------------------------------------
---------------------------------------------------------------------------------
Finished Handling Custom Attributes : Time (s): cpu = 00:00:26 ; elapsed = 00:00:27 . Memory (MB): peak = 1023.332 ; gain = 23.512
---------------------------------------------------------------------------------
---------------------------------------------------------------------------------
Start Renaming Generated Nets
---------------------------------------------------------------------------------
---------------------------------------------------------------------------------
Finished Renaming Generated Nets : Time (s): cpu = 00:00:26 ; elapsed = 00:00:27 . Memory (MB): peak = 1023.332 ; gain = 23.512
---------------------------------------------------------------------------------
---------------------------------------------------------------------------------
Start Writing Synthesis Report
---------------------------------------------------------------------------------

Report BlackBoxes: 
+-+--------------+----------+
| |BlackBox name |Instances |
+-+--------------+----------+
+-+--------------+----------+

Report Cell Usage: 
+------+-------+------+
|      |Cell   |Count |
+------+-------+------+
|1     |BUFG   |     1|
|2     |CARRY4 |     8|
|3     |LUT1   |     1|
|4     |LUT2   |    20|
|5     |LUT3   |    11|
|6     |LUT4   |    18|
|7     |LUT5   |    23|
|8     |LUT6   |    69|
|9     |FDRE   |    68|
|10    |FDSE   |     1|
|11    |IBUF   |    12|
|12    |OBUF   |    16|
|13    |OBUFT  |     2|
+------+-------+------+
---------------------------------------------------------------------------------
Finished Writing Synthesis Report : Time (s): cpu = 00:00:26 ; elapsed = 00:00:27 . Memory (MB): peak = 1023.332 ; gain = 23.512
---------------------------------------------------------------------------------
Synthesis finished with 0 errors, 0 critical warnings and 0 warnings.
Synthesis Optimization Runtime : Time (s): cpu = 00:00:18 ; elapsed = 00:00:25 . Memory (MB): peak = 1023.332 ; gain = 19.062
Synthesis Optimization Complete : Time (s): cpu = 00:00:26 ; elapsed = 00:00:27 . Memory (MB): peak = 1023.332 ; gain = 23.512
INFO: [Project 1-571] Translating synthesized netlist
Netlist sorting complete. Time (s): cpu = 00:00:00 ; elapsed = 00:00:00.003 . Memory (MB): peak = 1032.246 ; gain = 0.000
INFO: [Netlist 29-17] Analyzing 8 Unisim elements for replacement
INFO: [Netlist 29-28] Unisim Transformation completed in 0 CPU seconds
INFO: [Project 1-570] Preparing netlist for logic optimization
INFO: [Opt 31-138] Pushed 0 inverter(s) to 0 load pin(s).
Netlist sorting complete. Time (s): cpu = 00:00:00 ; elapsed = 00:00:00 . Memory (MB): peak = 1032.246 ; gain = 0.000
INFO: [Project 1-111] Unisim Transformation Summary:
No Unisim elements were transformed.

INFO: [Common 17-83] Releasing license: Synthesis
25 Infos, 4 Warnings, 0 Critical Warnings and 0 Errors encountered.
synth_design completed successfully
synth_design: Time (s): cpu = 00:00:31 ; elapsed = 00:00:33 . Memory (MB): peak = 1032.246 ; gain = 32.426
INFO: [Common 17-1381] The checkpoint 'C:/Users/239009/projekt/projekt_DE1/projekt_DE1.runs/synth_1/top.dcp' has been generated.
INFO: [runtcl-4] Executing : report_utilization -file top_utilization_synth.rpt -pb top_utilization_synth.pb
INFO: [Common 17-206] Exiting Vivado at Wed Apr 26 16:52:22 2023...
